<?xml version="1.0" encoding="UTF-8"?>
<!-- Generated by org.testng.reporters.JUnitReportReporter -->
<testsuite skipped="0" hostname="creatix" name="bry.mogo.testing.DbUnitMogoDriverTest" tests="4" failures="0" timestamp="29 Jul 2020 09:45:32 GMT" time="3.025" errors="0">
  <testcase name="testGetSetMogoConfig" time="0.757" classname="bry.mogo.testing.DbUnitMogoDriverTest"/>
  <testcase name="testGetConnection" time="0.770" classname="bry.mogo.testing.DbUnitMogoDriverTest"/>
  <testcase name="testGetDbTester" time="0.742" classname="bry.mogo.testing.DbUnitMogoDriverTest"/>
  <testcase name="testGetDatabaseConnection" time="0.756" classname="bry.mogo.testing.DbUnitMogoDriverTest"/>
</testsuite> <!-- bry.mogo.testing.DbUnitMogoDriverTest -->
